<?xml version='1.0' encoding='UTF-8'?>
<testsuite hostname="giulia-Serval-WS" name="ConstructsSpec" tests="2" errors="0" failures="0" skipped="0" time="0.036" timestamp="2019-08-07T09:48:32">
                     <properties>
[...]
</properties>
                     <testcase classname="ConstructsSpec" name="When running the simulation When releasing results Fill exits counts with appropriate counts" time="0.034">
                                                 
                                               </testcase><testcase classname="ConstructsSpec" name="When running the simulation When releasing results Allocate exits into the right bin" time="0.002">
                                                 
                                               </testcase>
                     <system-out><![CDATA[]]></system-out>
                     <system-err><![CDATA[]]></system-err>
                   </testsuite>