<?xml version='1.0' encoding='UTF-8'?>
<testsuite hostname="giulia-Serval-WS" name="ConstructsSpec" tests="2" errors="0" failures="2" skipped="0" time="0.007" timestamp="2019-08-04T10:00:38">
                     <properties>
[...]
</properties>
                     <testcase classname="ConstructsSpec" name="When running the simulation When releasing results Fill exits counts with appropriate counts" time="0.007">
                                                 <failure type="java.lang.NullPointerException">java.lang.NullPointerException
	at java.base/java.lang.reflect.Array.getLength(Native Method)
	at scala.collection.ArrayOps$.foreach$extension(ArrayOps.scala:1347)
	at ConstructsSpec.$anonfun$new$3(ConstructsSpec.scala:16)
	at org.scalatest.OutcomeOf.outcomeOf(OutcomeOf.scala:85)
	at org.scalatest.OutcomeOf.outcomeOf$(OutcomeOf.scala:83)
	at org.scalatest.OutcomeOf$.outcomeOf(OutcomeOf.scala:104)
	at org.scalatest.Transformer.apply(Transformer.scala:22)
	at org.scalatest.Transformer.apply(Transformer.scala:20)
	at org.scalatest.FreeSpecLike$$anon$1.apply(FreeSpecLike.scala:405)
	at org.scalatest.TestSuite.withFixture(TestSuite.scala:196)
	at org.scalatest.TestSuite.withFixture$(TestSuite.scala:195)
	at org.scalatest.FreeSpec.withFixture(FreeSpec.scala:1739)
	at org.scalatest.FreeSpecLike.invokeWithFixture$1(FreeSpecLike.scala:403)
	at org.scalatest.FreeSpecLike.$anonfun$runTest$1(FreeSpecLike.scala:415)
	at org.scalatest.SuperEngine.runTestImpl(Engine.scala:286)
	at org.scalatest.FreeSpecLike.runTest(FreeSpecLike.scala:415)
	at org.scalatest.FreeSpecLike.runTest$(FreeSpecLike.scala:397)
	at org.scalatest.FreeSpec.runTest(FreeSpec.scala:1739)
	at org.scalatest.FreeSpecLike.$anonfun$runTests$1(FreeSpecLike.scala:474)
	at org.scalatest.SuperEngine.$anonfun$runTestsInBranch$1(Engine.scala:393)
	at scala.collection.immutable.List.foreach(List.scala:312)
	at org.scalatest.SuperEngine.traverseSubNodes$1(Engine.scala:381)
	at org.scalatest.SuperEngine.runTestsInBranch(Engine.scala:370)
	at org.scalatest.SuperEngine.$anonfun$runTestsInBranch$1(Engine.scala:407)
	at scala.collection.immutable.List.foreach(List.scala:312)
	at org.scalatest.SuperEngine.traverseSubNodes$1(Engine.scala:381)
	at org.scalatest.SuperEngine.runTestsInBranch(Engine.scala:370)
	at org.scalatest.SuperEngine.$anonfun$runTestsInBranch$1(Engine.scala:407)
	at scala.collection.immutable.List.foreach(List.scala:312)
	at org.scalatest.SuperEngine.traverseSubNodes$1(Engine.scala:381)
	at org.scalatest.SuperEngine.runTestsInBranch(Engine.scala:376)
	at org.scalatest.SuperEngine.runTestsImpl(Engine.scala:458)
	at org.scalatest.FreeSpecLike.runTests(FreeSpecLike.scala:474)
	at org.scalatest.FreeSpecLike.runTests$(FreeSpecLike.scala:473)
	at org.scalatest.FreeSpec.runTests(FreeSpec.scala:1739)
	at org.scalatest.Suite.run(Suite.scala:1124)
	at org.scalatest.Suite.run$(Suite.scala:1106)
	at org.scalatest.FreeSpec.org$scalatest$FreeSpecLike$$super$run(FreeSpec.scala:1739)
	at org.scalatest.FreeSpecLike.$anonfun$run$1(FreeSpecLike.scala:518)
	at org.scalatest.SuperEngine.runImpl(Engine.scala:518)
	at org.scalatest.FreeSpecLike.run(FreeSpecLike.scala:518)
	at org.scalatest.FreeSpecLike.run$(FreeSpecLike.scala:517)
	at ConstructsSpec.org$scalatest$BeforeAndAfterAll$$super$run(ConstructsSpec.scala:5)
	at org.scalatest.BeforeAndAfterAll.liftedTree1$1(BeforeAndAfterAll.scala:213)
	at org.scalatest.BeforeAndAfterAll.run(BeforeAndAfterAll.scala:210)
	at org.scalatest.BeforeAndAfterAll.run$(BeforeAndAfterAll.scala:208)
	at ConstructsSpec.run(ConstructsSpec.scala:5)
	at org.scalatest.tools.Framework.org$scalatest$tools$Framework$$runSuite(Framework.scala:317)
	at org.scalatest.tools.Framework$ScalaTestTask.execute(Framework.scala:510)
	at sbt.TestRunner.runTest$1(TestFramework.scala:113)
	at sbt.TestRunner.run(TestFramework.scala:124)
	at sbt.TestFramework$$anon$2$$anonfun$$lessinit$greater$1.$anonfun$apply$1(TestFramework.scala:282)
	at sbt.TestFramework$.sbt$TestFramework$$withContextLoader(TestFramework.scala:246)
	at sbt.TestFramework$$anon$2$$anonfun$$lessinit$greater$1.apply(TestFramework.scala:282)
	at sbt.TestFramework$$anon$2$$anonfun$$lessinit$greater$1.apply(TestFramework.scala:282)
	at sbt.TestFunction.apply(TestFramework.scala:294)
	at sbt.Tests$.$anonfun$toTask$1(Tests.scala:309)
	at sbt.std.Transform$$anon$3.$anonfun$apply$2(System.scala:46)
	at sbt.std.Transform$$anon$4.work(System.scala:67)
	at sbt.Execute.$anonfun$submit$2(Execute.scala:269)
	at sbt.internal.util.ErrorHandling$.wideConvert(ErrorHandling.scala:16)
	at sbt.Execute.work(Execute.scala:278)
	at sbt.Execute.$anonfun$submit$1(Execute.scala:269)
	at sbt.ConcurrentRestrictions$$anon$4.$anonfun$submitValid$1(ConcurrentRestrictions.scala:178)
	at sbt.CompletionService$$anon$2.call(CompletionService.scala:37)
	at java.base/java.util.concurrent.FutureTask.run(FutureTask.java:264)
	at java.base/java.util.concurrent.Executors$RunnableAdapter.call(Executors.java:515)
	at java.base/java.util.concurrent.FutureTask.run(FutureTask.java:264)
	at java.base/java.util.concurrent.ThreadPoolExecutor.runWorker(ThreadPoolExecutor.java:1128)
	at java.base/java.util.concurrent.ThreadPoolExecutor$Worker.run(ThreadPoolExecutor.java:628)
	at java.base/java.lang.Thread.run(Thread.java:834)
</failure>
                                               </testcase><testcase classname="ConstructsSpec" name="When running the simulation When releasing results Allocate exits into the right bin" time="0.0">
                                                 <failure type="java.lang.NullPointerException">java.lang.NullPointerException
	at java.base/java.lang.reflect.Array.getLength(Native Method)
	at scala.collection.ArrayOps$.map$extension(ArrayOps.scala:946)
	at ConstructsSpec.$anonfun$new$5(ConstructsSpec.scala:24)
	at org.scalatest.OutcomeOf.outcomeOf(OutcomeOf.scala:85)
	at org.scalatest.OutcomeOf.outcomeOf$(OutcomeOf.scala:83)
	at org.scalatest.OutcomeOf$.outcomeOf(OutcomeOf.scala:104)
	at org.scalatest.Transformer.apply(Transformer.scala:22)
	at org.scalatest.Transformer.apply(Transformer.scala:20)
	at org.scalatest.FreeSpecLike$$anon$1.apply(FreeSpecLike.scala:405)
	at org.scalatest.TestSuite.withFixture(TestSuite.scala:196)
	at org.scalatest.TestSuite.withFixture$(TestSuite.scala:195)
	at org.scalatest.FreeSpec.withFixture(FreeSpec.scala:1739)
	at org.scalatest.FreeSpecLike.invokeWithFixture$1(FreeSpecLike.scala:403)
	at org.scalatest.FreeSpecLike.$anonfun$runTest$1(FreeSpecLike.scala:415)
	at org.scalatest.SuperEngine.runTestImpl(Engine.scala:286)
	at org.scalatest.FreeSpecLike.runTest(FreeSpecLike.scala:415)
	at org.scalatest.FreeSpecLike.runTest$(FreeSpecLike.scala:397)
	at org.scalatest.FreeSpec.runTest(FreeSpec.scala:1739)
	at org.scalatest.FreeSpecLike.$anonfun$runTests$1(FreeSpecLike.scala:474)
	at org.scalatest.SuperEngine.$anonfun$runTestsInBranch$1(Engine.scala:393)
	at scala.collection.immutable.List.foreach(List.scala:312)
	at org.scalatest.SuperEngine.traverseSubNodes$1(Engine.scala:381)
	at org.scalatest.SuperEngine.runTestsInBranch(Engine.scala:370)
	at org.scalatest.SuperEngine.$anonfun$runTestsInBranch$1(Engine.scala:407)
	at scala.collection.immutable.List.foreach(List.scala:312)
	at org.scalatest.SuperEngine.traverseSubNodes$1(Engine.scala:381)
	at org.scalatest.SuperEngine.runTestsInBranch(Engine.scala:370)
	at org.scalatest.SuperEngine.$anonfun$runTestsInBranch$1(Engine.scala:407)
	at scala.collection.immutable.List.foreach(List.scala:312)
	at org.scalatest.SuperEngine.traverseSubNodes$1(Engine.scala:381)
	at org.scalatest.SuperEngine.runTestsInBranch(Engine.scala:376)
	at org.scalatest.SuperEngine.runTestsImpl(Engine.scala:458)
	at org.scalatest.FreeSpecLike.runTests(FreeSpecLike.scala:474)
	at org.scalatest.FreeSpecLike.runTests$(FreeSpecLike.scala:473)
	at org.scalatest.FreeSpec.runTests(FreeSpec.scala:1739)
	at org.scalatest.Suite.run(Suite.scala:1124)
	at org.scalatest.Suite.run$(Suite.scala:1106)
	at org.scalatest.FreeSpec.org$scalatest$FreeSpecLike$$super$run(FreeSpec.scala:1739)
	at org.scalatest.FreeSpecLike.$anonfun$run$1(FreeSpecLike.scala:518)
	at org.scalatest.SuperEngine.runImpl(Engine.scala:518)
	at org.scalatest.FreeSpecLike.run(FreeSpecLike.scala:518)
	at org.scalatest.FreeSpecLike.run$(FreeSpecLike.scala:517)
	at ConstructsSpec.org$scalatest$BeforeAndAfterAll$$super$run(ConstructsSpec.scala:5)
	at org.scalatest.BeforeAndAfterAll.liftedTree1$1(BeforeAndAfterAll.scala:213)
	at org.scalatest.BeforeAndAfterAll.run(BeforeAndAfterAll.scala:210)
	at org.scalatest.BeforeAndAfterAll.run$(BeforeAndAfterAll.scala:208)
	at ConstructsSpec.run(ConstructsSpec.scala:5)
	at org.scalatest.tools.Framework.org$scalatest$tools$Framework$$runSuite(Framework.scala:317)
	at org.scalatest.tools.Framework$ScalaTestTask.execute(Framework.scala:510)
	at sbt.TestRunner.runTest$1(TestFramework.scala:113)
	at sbt.TestRunner.run(TestFramework.scala:124)
	at sbt.TestFramework$$anon$2$$anonfun$$lessinit$greater$1.$anonfun$apply$1(TestFramework.scala:282)
	at sbt.TestFramework$.sbt$TestFramework$$withContextLoader(TestFramework.scala:246)
	at sbt.TestFramework$$anon$2$$anonfun$$lessinit$greater$1.apply(TestFramework.scala:282)
	at sbt.TestFramework$$anon$2$$anonfun$$lessinit$greater$1.apply(TestFramework.scala:282)
	at sbt.TestFunction.apply(TestFramework.scala:294)
	at sbt.Tests$.$anonfun$toTask$1(Tests.scala:309)
	at sbt.std.Transform$$anon$3.$anonfun$apply$2(System.scala:46)
	at sbt.std.Transform$$anon$4.work(System.scala:67)
	at sbt.Execute.$anonfun$submit$2(Execute.scala:269)
	at sbt.internal.util.ErrorHandling$.wideConvert(ErrorHandling.scala:16)
	at sbt.Execute.work(Execute.scala:278)
	at sbt.Execute.$anonfun$submit$1(Execute.scala:269)
	at sbt.ConcurrentRestrictions$$anon$4.$anonfun$submitValid$1(ConcurrentRestrictions.scala:178)
	at sbt.CompletionService$$anon$2.call(CompletionService.scala:37)
	at java.base/java.util.concurrent.FutureTask.run(FutureTask.java:264)
	at java.base/java.util.concurrent.Executors$RunnableAdapter.call(Executors.java:515)
	at java.base/java.util.concurrent.FutureTask.run(FutureTask.java:264)
	at java.base/java.util.concurrent.ThreadPoolExecutor.runWorker(ThreadPoolExecutor.java:1128)
	at java.base/java.util.concurrent.ThreadPoolExecutor$Worker.run(ThreadPoolExecutor.java:628)
	at java.base/java.lang.Thread.run(Thread.java:834)
</failure>
                                               </testcase>
                     <system-out><![CDATA[]]></system-out>
                     <system-err><![CDATA[]]></system-err>
                   </testsuite>